Using pre-set license
Built from '2022.3/staging' branch; Version is '2022.3.1f1 (f18e0c1b5784) revision 15830540'; Using compiler version '192829333'; Build Type 'Release'
OS: 'Windows 11  (10.0.23466) 64bit Core' Language: 'en' Physical Memory: 16300 MB
BatchMode: 1, IsHumanControllingUs: 0, StartBugReporterOnCrash: 0, Is64bit: 1, IsPro: 1

COMMAND LINE ARGUMENTS:
C:\GameDevApps\2022.3.1f1\Editor\Unity.exe
-adb2
-batchMode
-noUpm
-name
AssetImportWorker4
-projectPath
D:/GitRepos/GameJam062023/FaeGame
-logFile
Logs/AssetImportWorker4.log
-srvPort
60286
Successfully changed project path to: D:/GitRepos/GameJam062023/FaeGame
D:/GitRepos/GameJam062023/FaeGame
[UnityMemory] Configuration Parameters - Can be set up in boot.config
    "memorysetup-bucket-allocator-granularity=16"
    "memorysetup-bucket-allocator-bucket-count=8"
    "memorysetup-bucket-allocator-block-size=33554432"
    "memorysetup-bucket-allocator-block-count=8"
    "memorysetup-main-allocator-block-size=16777216"
    "memorysetup-thread-allocator-block-size=16777216"
    "memorysetup-gfx-main-allocator-block-size=16777216"
    "memorysetup-gfx-thread-allocator-block-size=16777216"
    "memorysetup-cache-allocator-block-size=4194304"
    "memorysetup-typetree-allocator-block-size=2097152"
    "memorysetup-profiler-bucket-allocator-granularity=16"
    "memorysetup-profiler-bucket-allocator-bucket-count=8"
    "memorysetup-profiler-bucket-allocator-block-size=33554432"
    "memorysetup-profiler-bucket-allocator-block-count=8"
    "memorysetup-profiler-allocator-block-size=16777216"
    "memorysetup-profiler-editor-allocator-block-size=1048576"
    "memorysetup-temp-allocator-size-main=16777216"
    "memorysetup-job-temp-allocator-block-size=2097152"
    "memorysetup-job-temp-allocator-block-size-background=1048576"
    "memorysetup-job-temp-allocator-reduction-small-platforms=262144"
    "memorysetup-allocator-temp-initial-block-size-main=262144"
    "memorysetup-allocator-temp-initial-block-size-worker=262144"
    "memorysetup-temp-allocator-size-background-worker=32768"
    "memorysetup-temp-allocator-size-job-worker=262144"
    "memorysetup-temp-allocator-size-preload-manager=33554432"
    "memorysetup-temp-allocator-size-nav-mesh-worker=65536"
    "memorysetup-temp-allocator-size-audio-worker=65536"
    "memorysetup-temp-allocator-size-cloud-worker=32768"
    "memorysetup-temp-allocator-size-gi-baking-worker=262144"
    "memorysetup-temp-allocator-size-gfx=262144"
Player connection [17992] Host "[IP] 192.168.1.15 [Port] 0 [Flags] 2 [Guid] 501708552 [EditorId] 501708552 [Version] 1048832 [Id] WindowsEditor(7,Weiss-Desktop) [Debug] 1 [PackageName] WindowsEditor [ProjectName] Editor" joined multi-casting on [225.0.0.222:54997]...

Player connection [17992] Host "[IP] 192.168.1.15 [Port] 0 [Flags] 2 [Guid] 501708552 [EditorId] 501708552 [Version] 1048832 [Id] WindowsEditor(7,Weiss-Desktop) [Debug] 1 [PackageName] WindowsEditor [ProjectName] Editor" joined alternative multi-casting on [225.0.0.222:34997]...

Refreshing native plugins compatible for Editor in 15.19 ms, found 3 plugins.
Preloading 0 native plugins for Editor in 0.00 ms.
Initialize engine version: 2022.3.1f1 (f18e0c1b5784)
[Subsystems] Discovering subsystems at path C:/GameDevApps/2022.3.1f1/Editor/Data/Resources/UnitySubsystems
[Subsystems] Discovering subsystems at path D:/GitRepos/GameJam062023/FaeGame/Assets
GfxDevice: creating device client; threaded=0; jobified=0
Direct3D:
    Version:  Direct3D 11.0 [level 11.1]
    Renderer: NVIDIA GeForce RTX 2060 (ID=0x1f08)
    Vendor:   NVIDIA
    VRAM:     5968 MB
    Driver:   31.0.15.3168
Initialize mono
Mono path[0] = 'C:/GameDevApps/2022.3.1f1/Editor/Data/Managed'
Mono path[1] = 'C:/GameDevApps/2022.3.1f1/Editor/Data/MonoBleedingEdge/lib/mono/unityjit-win32'
Mono config path = 'C:/GameDevApps/2022.3.1f1/Editor/Data/MonoBleedingEdge/etc'
Using monoOptions --debugger-agent=transport=dt_socket,embedding=1,server=y,suspend=n,address=127.0.0.1:56132
Begin MonoManager ReloadAssembly
Registering precompiled unity dll's ...
Register platform support module: C:/GameDevApps/2022.3.1f1/Editor/Data/PlaybackEngines/WindowsStandaloneSupport/UnityEditor.WindowsStandalone.Extensions.dll
Registered in 0.005934 seconds.
- Loaded All Assemblies, in  0.370 seconds
Native extension for WindowsStandalone target not found
Mono: successfully reloaded assembly
- Finished resetting the current domain, in  0.327 seconds
Domain Reload Profiling: 695ms
	BeginReloadAssembly (93ms)
		ExecutionOrderSort (0ms)
		DisableScriptedObjects (0ms)
		BackupInstance (0ms)
		ReleaseScriptingObjects (0ms)
		CreateAndSetChildDomain (1ms)
	RebuildCommonClasses (38ms)
	RebuildNativeTypeToScriptingClass (13ms)
	initialDomainReloadingComplete (61ms)
	LoadAllAssembliesAndSetupDomain (163ms)
		LoadAssemblies (91ms)
		RebuildTransferFunctionScriptingTraits (0ms)
		AnalyzeDomain (157ms)
			TypeCache.Refresh (156ms)
				TypeCache.ScanAssembly (142ms)
			ScanForSourceGeneratedMonoScriptInfo (1ms)
			ResolveRequiredComponents (1ms)
	FinalizeReload (327ms)
		ReleaseScriptCaches (0ms)
		RebuildScriptCaches (0ms)
		SetupLoadedEditorAssemblies (256ms)
			LogAssemblyErrors (0ms)
			InitializePlatformSupportModulesInManaged (11ms)
			SetLoadedEditorAssemblies (10ms)
			RefreshPlugins (0ms)
			BeforeProcessingInitializeOnLoad (2ms)
			ProcessInitializeOnLoadAttributes (162ms)
			ProcessInitializeOnLoadMethodAttributes (70ms)
			AfterProcessingInitializeOnLoad (0ms)
			EditorAssembliesLoaded (0ms)
		ExecutionOrderSort2 (0ms)
		AwakeInstancesAfterBackupRestoration (0ms)
========================================================================
Worker process is ready to serve import requests
Begin MonoManager ReloadAssembly
Symbol file LoadedFromMemory doesn't match image D:\GitRepos\GameJam062023\FaeGame\Library\PackageCache\com.unity.visualscripting@1.8.0\Editor\VisualScripting.Core\Dependencies\YamlDotNet\Unity.VisualScripting.YamlDotNet.dll
Symbol file LoadedFromMemory doesn't match image D:\GitRepos\GameJam062023\FaeGame\Library\PackageCache\com.unity.visualscripting@1.8.0\Editor\VisualScripting.Core\Dependencies\DotNetZip\Unity.VisualScripting.IonicZip.dll
- Loaded All Assemblies, in  0.945 seconds
Refreshing native plugins compatible for Editor in 7.41 ms, found 3 plugins.
Native extension for WindowsStandalone target not found
Mono: successfully reloaded assembly
- Finished resetting the current domain, in  0.614 seconds
Domain Reload Profiling: 1553ms
	BeginReloadAssembly (142ms)
		ExecutionOrderSort (0ms)
		DisableScriptedObjects (7ms)
		BackupInstance (0ms)
		ReleaseScriptingObjects (0ms)
		CreateAndSetChildDomain (22ms)
	RebuildCommonClasses (37ms)
	RebuildNativeTypeToScriptingClass (11ms)
	initialDomainReloadingComplete (49ms)
	LoadAllAssembliesAndSetupDomain (700ms)
		LoadAssemblies (395ms)
		RebuildTransferFunctionScriptingTraits (0ms)
		AnalyzeDomain (364ms)
			TypeCache.Refresh (341ms)
				TypeCache.ScanAssembly (327ms)
			ScanForSourceGeneratedMonoScriptInfo (18ms)
			ResolveRequiredComponents (5ms)
	FinalizeReload (615ms)
		ReleaseScriptCaches (0ms)
		RebuildScriptCaches (0ms)
		SetupLoadedEditorAssemblies (451ms)
			LogAssemblyErrors (0ms)
			InitializePlatformSupportModulesInManaged (6ms)
			SetLoadedEditorAssemblies (3ms)
			RefreshPlugins (0ms)
			BeforeProcessingInitializeOnLoad (79ms)
			ProcessInitializeOnLoadAttributes (335ms)
			ProcessInitializeOnLoadMethodAttributes (22ms)
			AfterProcessingInitializeOnLoad (7ms)
			EditorAssembliesLoaded (0ms)
		ExecutionOrderSort2 (0ms)
		AwakeInstancesAfterBackupRestoration (8ms)
Launched and connected shader compiler UnityShaderCompiler.exe after 0.06 seconds
Refreshing native plugins compatible for Editor in 9.37 ms, found 3 plugins.
Preloading 0 native plugins for Editor in 0.00 ms.
Unloading 3546 Unused Serialized files (Serialized files now loaded: 0)
Unloading 38 unused Assets / (56.8 KB). Loaded Objects now: 4011.
Memory consumption went from 129.2 MB to 129.1 MB.
Total: 5.635400 ms (FindLiveObjects: 0.317100 ms CreateObjectMapping: 0.299700 ms MarkObjects: 4.908100 ms  DeleteObjects: 0.109500 ms)

AssetImportParameters requested are different than current active one (requested -> active):
  custom:container-demuxer-ogg: 62fdf1f143b41e24485cea50d1cbac27 -> 
  custom:video-codec-MediaFoundation-h265: e54d7ab0439102e2317fc1e4b246158d -> 
  custom:video-decoder-ogg-theora: a1e56fd34408186e4bbccfd4996cb3dc -> 
  custom:framework-win-MediaFoundation: 216162199b28c13a410421893ffa2e32 -> 
  custom:container-demuxer-webm: 4f35f7cbe854078d1ac9338744f61a02 -> 
  custom:container-muxer-webm: aa71ff27fc2769a1b78a27578f13a17b -> 
  custom:video-decoder-webm-vp8: 9c59270c3fd7afecdb556c50c9e8de78 -> 
  custom:AudioImporter_EditorPlatform: d09bf68614088b80899f8185d706f6e7 -> 
  custom:video-encoder-webm-vp8: eb34c28f22e8b96e1ab97ce403110664 -> 
  custom:audio-decoder-ogg-vorbis: bf7c407c2cedff20999df2af8eb42d56 -> 
  custom:audio-encoder-webm-vorbis: bf7c407c2cedff20999df2af8eb42d56 -> 
========================================================================
Received Import Request.
  Time since last request: 1115990.184531 seconds.
  path: Assets/Materials/RusherTextureSet/RusherBody.mat
  artifactKey: Guid(519651dcb0e69434ca0ca2c429fe9c8e) Importer(815301076,1909f56bfc062723c751e8b465ee728b)
Start importing Assets/Materials/RusherTextureSet/RusherBody.mat using Guid(519651dcb0e69434ca0ca2c429fe9c8e) Importer(815301076,1909f56bfc062723c751e8b465ee728b)  -> (artifact id: 'cdc7d90953c8abc8c2459a1ed61941fe') in 0.218360 seconds
Number of updated asset objects reloaded before import = 0
Number of asset objects unloaded after import = 1
========================================================================
Received Import Request.
  Time since last request: 1.547261 seconds.
  path: Assets/Materials/RusherTextureSet/RusherBody 1.mat
  artifactKey: Guid(7367c20fa32d50749a2e2f21b7aaaa20) Importer(815301076,1909f56bfc062723c751e8b465ee728b)
Start importing Assets/Materials/RusherTextureSet/RusherBody 1.mat using Guid(7367c20fa32d50749a2e2f21b7aaaa20) Importer(815301076,1909f56bfc062723c751e8b465ee728b)  -> (artifact id: 'aff606a3003c96ee5f04addf53957672') in 0.012659 seconds
Number of updated asset objects reloaded before import = 0
Number of asset objects unloaded after import = 1
========================================================================
Received Import Request.
  Time since last request: 6.079866 seconds.
  path: Assets/Materials/RusherTextureSet/RusherWings.mat
  artifactKey: Guid(7367c20fa32d50749a2e2f21b7aaaa20) Importer(815301076,1909f56bfc062723c751e8b465ee728b)
Start importing Assets/Materials/RusherTextureSet/RusherWings.mat using Guid(7367c20fa32d50749a2e2f21b7aaaa20) Importer(815301076,1909f56bfc062723c751e8b465ee728b)  -> (artifact id: 'ddf3fa919fdf3ebbd97a7d53d57c5517') in 0.023221 seconds
Number of updated asset objects reloaded before import = 0
Number of asset objects unloaded after import = 1
========================================================================
Received Import Request.
  Time since last request: 5.090802 seconds.
  path: Assets/Materials/RusherTextureSet/RusherWings 1.mat
  artifactKey: Guid(9a8ed98d5c333ae4a8447c55c5cce989) Importer(815301076,1909f56bfc062723c751e8b465ee728b)
Start importing Assets/Materials/RusherTextureSet/RusherWings 1.mat using Guid(9a8ed98d5c333ae4a8447c55c5cce989) Importer(815301076,1909f56bfc062723c751e8b465ee728b)  -> (artifact id: '92d4f16c31c68855503a60ee9e0ad82a') in 0.014088 seconds
Number of updated asset objects reloaded before import = 0
Number of asset objects unloaded after import = 1
========================================================================
Received Import Request.
  Time since last request: 4.143792 seconds.
  path: Assets/Materials/RusherTextureSet/RusherEyes.mat
  artifactKey: Guid(9a8ed98d5c333ae4a8447c55c5cce989) Importer(815301076,1909f56bfc062723c751e8b465ee728b)
Start importing Assets/Materials/RusherTextureSet/RusherEyes.mat using Guid(9a8ed98d5c333ae4a8447c55c5cce989) Importer(815301076,1909f56bfc062723c751e8b465ee728b)  -> (artifact id: 'f1211011670be8563aa19434ac27ef82') in 0.020555 seconds
Number of updated asset objects reloaded before import = 0
Number of asset objects unloaded after import = 1
========================================================================
Received Import Request.
  Time since last request: 29.569629 seconds.
  path: Assets/Materials/RusherTextureSet/SunHeadRusher_Body_Normal.1001.png
  artifactKey: Guid(492893c63789d364e9e8f56347a2605f) Importer(815301076,1909f56bfc062723c751e8b465ee728b)
Start importing Assets/Materials/RusherTextureSet/SunHeadRusher_Body_Normal.1001.png using Guid(492893c63789d364e9e8f56347a2605f) Importer(815301076,1909f56bfc062723c751e8b465ee728b)  -> (artifact id: 'bcc400fff32e74cf277cd920231a9619') in 0.045032 seconds
Number of updated asset objects reloaded before import = 0
Number of asset objects unloaded after import = 2
========================================================================
Received Import Request.
  Time since last request: 96.233430 seconds.
  path: Assets/Materials/RusherTextureSet/SunHeadRusher_Eyes_Normal.1003.png
  artifactKey: Guid(574b8f2d61199dd469cd06017cf18f0e) Importer(815301076,1909f56bfc062723c751e8b465ee728b)
Start importing Assets/Materials/RusherTextureSet/SunHeadRusher_Eyes_Normal.1003.png using Guid(574b8f2d61199dd469cd06017cf18f0e) Importer(815301076,1909f56bfc062723c751e8b465ee728b)  -> (artifact id: '7ca54b068b281c0024860821f4536623') in 0.010853 seconds
Number of updated asset objects reloaded before import = 0
Number of asset objects unloaded after import = 2
========================================================================
Received Import Request.
  Time since last request: 17.458235 seconds.
  path: Assets/Materials/RusherTextureSet/SunHeadRusher_Wings_Normal.1001.png
  artifactKey: Guid(96923854ab5d13e49ac6a6ea88601cd9) Importer(815301076,1909f56bfc062723c751e8b465ee728b)
Start importing Assets/Materials/RusherTextureSet/SunHeadRusher_Wings_Normal.1001.png using Guid(96923854ab5d13e49ac6a6ea88601cd9) Importer(815301076,1909f56bfc062723c751e8b465ee728b)  -> (artifact id: '5c242c2e3cd5f5fcbab3fba8b03a2e26') in 0.033732 seconds
Number of updated asset objects reloaded before import = 0
Number of asset objects unloaded after import = 2
========================================================================
Received Import Request.
  Time since last request: 8.809842 seconds.
  path: Assets/Materials/RusherBody.mat
  artifactKey: Guid(519651dcb0e69434ca0ca2c429fe9c8e) Importer(815301076,1909f56bfc062723c751e8b465ee728b)
Start importing Assets/Materials/RusherBody.mat using Guid(519651dcb0e69434ca0ca2c429fe9c8e) Importer(815301076,1909f56bfc062723c751e8b465ee728b)  -> (artifact id: '2692258ec1917ce2fae1c39002d6a1d6') in 0.039331 seconds
Number of updated asset objects reloaded before import = 0
Number of asset objects unloaded after import = 5
========================================================================
Received Import Request.
  Time since last request: 0.000025 seconds.
  path: Assets/Materials/RusherWings.mat
  artifactKey: Guid(7367c20fa32d50749a2e2f21b7aaaa20) Importer(815301076,1909f56bfc062723c751e8b465ee728b)
Start importing Assets/Materials/RusherWings.mat using Guid(7367c20fa32d50749a2e2f21b7aaaa20) Importer(815301076,1909f56bfc062723c751e8b465ee728b)  -> (artifact id: 'cccca2d9f3b33fd9c193d864bd0795c1') in 0.222199 seconds
Number of updated asset objects reloaded before import = 0
Number of asset objects unloaded after import = 4
========================================================================
Received Import Request.
  Time since last request: 19.132896 seconds.
  path: Assets/Materials/NormieTexturesSet/NormieBody.mat
  artifactKey: Guid(de40e3555115c7746b88ba471304efd0) Importer(815301076,1909f56bfc062723c751e8b465ee728b)
Start importing Assets/Materials/NormieTexturesSet/NormieBody.mat using Guid(de40e3555115c7746b88ba471304efd0) Importer(815301076,1909f56bfc062723c751e8b465ee728b)  -> (artifact id: 'eff34cb9738e3328898c84523d7a149f') in 0.028167 seconds
Number of updated asset objects reloaded before import = 0
Number of asset objects unloaded after import = 5
========================================================================
Received Import Request.
  Time since last request: 30.477351 seconds.
  path: Assets/Game Assets/WinterTile_4.obj
  artifactKey: Guid(f32f5acbc0cc9644f90b815f30121e04) Importer(815301076,1909f56bfc062723c751e8b465ee728b)
Start importing Assets/Game Assets/WinterTile_4.obj using Guid(f32f5acbc0cc9644f90b815f30121e04) Importer(815301076,1909f56bfc062723c751e8b465ee728b)  -> (artifact id: '000e7fc3c4c21cec843607f8d5524ad7') in 0.066139 seconds
Number of updated asset objects reloaded before import = 0
Number of asset objects unloaded after import = 10
========================================================================
Received Import Request.
  Time since last request: 14.017723 seconds.
  path: Assets/Prefabs/FBXImport/RusherFBX.fbx
  artifactKey: Guid(0e374bb4a9c90784bbfcab0c8690fe2d) Importer(815301076,1909f56bfc062723c751e8b465ee728b)
Start importing Assets/Prefabs/FBXImport/RusherFBX.fbx using Guid(0e374bb4a9c90784bbfcab0c8690fe2d) Importer(815301076,1909f56bfc062723c751e8b465ee728b)  -> (artifact id: '0fde5dfd41054659ef35b03ab04f5873') in 0.121751 seconds
Number of updated asset objects reloaded before import = 0
Number of asset objects unloaded after import = 55
========================================================================
Received Import Request.
  Time since last request: 107.466218 seconds.
  path: Assets/Anims/CharacterAnims.controller
  artifactKey: Guid(96053077bce168c46a9641167dc45055) Importer(815301076,1909f56bfc062723c751e8b465ee728b)
Start importing Assets/Anims/CharacterAnims.controller using Guid(96053077bce168c46a9641167dc45055) Importer(815301076,1909f56bfc062723c751e8b465ee728b)  -> (artifact id: '5b5e8ceb7cbcb9fea5e8b1d8d65ed8c2') in 0.003037 seconds
Number of updated asset objects reloaded before import = 0
Number of asset objects unloaded after import = 4
========================================================================
Received Import Request.
  Time since last request: 35.585019 seconds.
  path: Assets/Anims/NormieAnimator.controller
  artifactKey: Guid(96053077bce168c46a9641167dc45055) Importer(815301076,1909f56bfc062723c751e8b465ee728b)
Start importing Assets/Anims/NormieAnimator.controller using Guid(96053077bce168c46a9641167dc45055) Importer(815301076,1909f56bfc062723c751e8b465ee728b)  -> (artifact id: '5e56443396f63d087de93ee31f1073c4') in 0.001928 seconds
Number of updated asset objects reloaded before import = 0
Number of asset objects unloaded after import = 4
========================================================================
Received Import Request.
  Time since last request: 2.545401 seconds.
  path: Assets/Anims/NormieAnimator 1.controller
  artifactKey: Guid(56693d66316e0114cac1d3aae90e228a) Importer(815301076,1909f56bfc062723c751e8b465ee728b)
Start importing Assets/Anims/NormieAnimator 1.controller using Guid(56693d66316e0114cac1d3aae90e228a) Importer(815301076,1909f56bfc062723c751e8b465ee728b)  -> (artifact id: '2d4fab5f5480dbe9786c1f295e585012') in 0.002074 seconds
Number of updated asset objects reloaded before import = 0
Number of asset objects unloaded after import = 4
========================================================================
Received Import Request.
  Time since last request: 6.087590 seconds.
  path: Assets/Anims/RusherAnimator.controller
  artifactKey: Guid(56693d66316e0114cac1d3aae90e228a) Importer(815301076,1909f56bfc062723c751e8b465ee728b)
Start importing Assets/Anims/RusherAnimator.controller using Guid(56693d66316e0114cac1d3aae90e228a) Importer(815301076,1909f56bfc062723c751e8b465ee728b)  -> (artifact id: 'ea2f6ab883a53d06d537c85a6311b389') in 0.002018 seconds
Number of updated asset objects reloaded before import = 0
Number of asset objects unloaded after import = 4
========================================================================
Received Import Request.
  Time since last request: 95.261876 seconds.
  path: Assets/Prefabs/NormiePrefab.prefab
  artifactKey: Guid(11b58d12c5a56dc4db43c36de1ac8342) Importer(815301076,1909f56bfc062723c751e8b465ee728b)
Start importing Assets/Prefabs/NormiePrefab.prefab using Guid(11b58d12c5a56dc4db43c36de1ac8342) Importer(815301076,1909f56bfc062723c751e8b465ee728b)  -> (artifact id: 'be04634295db49fa64752ccd010d23a0') in 0.080438 seconds
Internal: There are remaining Allocations on the JobTempAlloc. This is a leak, and will impact performance
To Debug, run app with -diag-job-temp-memory-leak-validation cmd line argument. This will output the callstacks of the leaked allocations.
Number of updated asset objects reloaded before import = 0
Number of asset objects unloaded after import = 292
========================================================================
Received Import Request.
  Time since last request: 18.193160 seconds.
  path: Assets/Prefabs/FBXImport/RusherFBX.fbx
  artifactKey: Guid(0e374bb4a9c90784bbfcab0c8690fe2d) Importer(815301076,1909f56bfc062723c751e8b465ee728b)
Start importing Assets/Prefabs/FBXImport/RusherFBX.fbx using Guid(0e374bb4a9c90784bbfcab0c8690fe2d) Importer(815301076,1909f56bfc062723c751e8b465ee728b)  -> (artifact id: '1084c603c92453e6a63d32b7595bbd17') in 0.220356 seconds
Internal: There are remaining Allocations on the JobTempAlloc. This is a leak, and will impact performance
To Debug, run app with -diag-job-temp-memory-leak-validation cmd line argument. This will output the callstacks of the leaked allocations.
Number of updated asset objects reloaded before import = 0
Number of asset objects unloaded after import = 55
========================================================================
Received Prepare
Begin MonoManager ReloadAssembly
Symbol file LoadedFromMemory doesn't match image D:\GitRepos\GameJam062023\FaeGame\Library\PackageCache\com.unity.visualscripting@1.8.0\Editor\VisualScripting.Core\Dependencies\YamlDotNet\Unity.VisualScripting.YamlDotNet.dll
Symbol file LoadedFromMemory doesn't match image D:\GitRepos\GameJam062023\FaeGame\Library\PackageCache\com.unity.visualscripting@1.8.0\Editor\VisualScripting.Core\Dependencies\DotNetZip\Unity.VisualScripting.IonicZip.dll
- Loaded All Assemblies, in  1.523 seconds
Refreshing native plugins compatible for Editor in 6.66 ms, found 3 plugins.
Native extension for WindowsStandalone target not found
Mono: successfully reloaded assembly
- Finished resetting the current domain, in  1.283 seconds
Domain Reload Profiling: 2802ms
	BeginReloadAssembly (864ms)
		ExecutionOrderSort (0ms)
		DisableScriptedObjects (7ms)
		BackupInstance (0ms)
		ReleaseScriptingObjects (0ms)
		CreateAndSetChildDomain (39ms)
	RebuildCommonClasses (40ms)
	RebuildNativeTypeToScriptingClass (15ms)
	initialDomainReloadingComplete (32ms)
	LoadAllAssembliesAndSetupDomain (566ms)
		LoadAssemblies (1036ms)
		RebuildTransferFunctionScriptingTraits (0ms)
		AnalyzeDomain (298ms)
			TypeCache.Refresh (292ms)
				TypeCache.ScanAssembly (278ms)
			ScanForSourceGeneratedMonoScriptInfo (0ms)
			ResolveRequiredComponents (6ms)
	FinalizeReload (1285ms)
		ReleaseScriptCaches (0ms)
		RebuildScriptCaches (0ms)
		SetupLoadedEditorAssemblies (514ms)
			LogAssemblyErrors (0ms)
			InitializePlatformSupportModulesInManaged (7ms)
			SetLoadedEditorAssemblies (4ms)
			RefreshPlugins (0ms)
			BeforeProcessingInitializeOnLoad (96ms)
			ProcessInitializeOnLoadAttributes (368ms)
			ProcessInitializeOnLoadMethodAttributes (30ms)
			AfterProcessingInitializeOnLoad (9ms)
			EditorAssembliesLoaded (0ms)
		ExecutionOrderSort2 (0ms)
		AwakeInstancesAfterBackupRestoration (11ms)
Refreshing native plugins compatible for Editor in 10.57 ms, found 3 plugins.
Preloading 0 native plugins for Editor in 0.00 ms.
Unloading 3525 Unused Serialized files (Serialized files now loaded: 0)
Unloading 23 unused Assets / (31.1 KB). Loaded Objects now: 4065.
Memory consumption went from 131.6 MB to 131.6 MB.
Total: 3.695300 ms (FindLiveObjects: 0.310400 ms CreateObjectMapping: 0.344000 ms MarkObjects: 2.996100 ms  DeleteObjects: 0.043900 ms)

Prepare: number of updated asset objects reloaded= 0
AssetImportParameters requested are different than current active one (requested -> active):
  custom:container-demuxer-ogg: 62fdf1f143b41e24485cea50d1cbac27 -> 
  custom:video-codec-MediaFoundation-h265: e54d7ab0439102e2317fc1e4b246158d -> 
  custom:video-decoder-ogg-theora: a1e56fd34408186e4bbccfd4996cb3dc -> 
  custom:framework-win-MediaFoundation: 216162199b28c13a410421893ffa2e32 -> 
  custom:container-demuxer-webm: 4f35f7cbe854078d1ac9338744f61a02 -> 
  custom:container-muxer-webm: aa71ff27fc2769a1b78a27578f13a17b -> 
  custom:video-decoder-webm-vp8: 9c59270c3fd7afecdb556c50c9e8de78 -> 
  custom:AudioImporter_EditorPlatform: d09bf68614088b80899f8185d706f6e7 -> 
  custom:video-encoder-webm-vp8: eb34c28f22e8b96e1ab97ce403110664 -> 
  custom:audio-decoder-ogg-vorbis: bf7c407c2cedff20999df2af8eb42d56 -> 
  custom:audio-encoder-webm-vorbis: bf7c407c2cedff20999df2af8eb42d56 -> 
========================================================================
Received Prepare
Begin MonoManager ReloadAssembly
Symbol file LoadedFromMemory doesn't match image D:\GitRepos\GameJam062023\FaeGame\Library\PackageCache\com.unity.visualscripting@1.8.0\Editor\VisualScripting.Core\Dependencies\YamlDotNet\Unity.VisualScripting.YamlDotNet.dll
Symbol file LoadedFromMemory doesn't match image D:\GitRepos\GameJam062023\FaeGame\Library\PackageCache\com.unity.visualscripting@1.8.0\Editor\VisualScripting.Core\Dependencies\DotNetZip\Unity.VisualScripting.IonicZip.dll
- Loaded All Assemblies, in  1.558 seconds
Refreshing native plugins compatible for Editor in 7.83 ms, found 3 plugins.
Native extension for WindowsStandalone target not found
Mono: successfully reloaded assembly
- Finished resetting the current domain, in  1.347 seconds
Domain Reload Profiling: 2900ms
	BeginReloadAssembly (913ms)
		ExecutionOrderSort (0ms)
		DisableScriptedObjects (6ms)
		BackupInstance (0ms)
		ReleaseScriptingObjects (0ms)
		CreateAndSetChildDomain (38ms)
	RebuildCommonClasses (36ms)
	RebuildNativeTypeToScriptingClass (13ms)
	initialDomainReloadingComplete (34ms)
	LoadAllAssembliesAndSetupDomain (557ms)
		LoadAssemblies (1079ms)
		RebuildTransferFunctionScriptingTraits (0ms)
		AnalyzeDomain (299ms)
			TypeCache.Refresh (293ms)
				TypeCache.ScanAssembly (282ms)
			ScanForSourceGeneratedMonoScriptInfo (0ms)
			ResolveRequiredComponents (6ms)
	FinalizeReload (1348ms)
		ReleaseScriptCaches (0ms)
		RebuildScriptCaches (0ms)
		SetupLoadedEditorAssemblies (530ms)
			LogAssemblyErrors (0ms)
			InitializePlatformSupportModulesInManaged (7ms)
			SetLoadedEditorAssemblies (10ms)
			RefreshPlugins (0ms)
			BeforeProcessingInitializeOnLoad (95ms)
			ProcessInitializeOnLoadAttributes (382ms)
			ProcessInitializeOnLoadMethodAttributes (28ms)
			AfterProcessingInitializeOnLoad (8ms)
			EditorAssembliesLoaded (0ms)
		ExecutionOrderSort2 (0ms)
		AwakeInstancesAfterBackupRestoration (9ms)
Refreshing native plugins compatible for Editor in 8.96 ms, found 3 plugins.
Preloading 0 native plugins for Editor in 0.00 ms.
Unloading 3526 Unused Serialized files (Serialized files now loaded: 0)
Unloading 23 unused Assets / (31.1 KB). Loaded Objects now: 4068.
Memory consumption went from 131.8 MB to 131.8 MB.
Total: 4.246500 ms (FindLiveObjects: 0.290000 ms CreateObjectMapping: 0.728900 ms MarkObjects: 3.172000 ms  DeleteObjects: 0.054600 ms)

Prepare: number of updated asset objects reloaded= 0
AssetImportParameters requested are different than current active one (requested -> active):
  custom:container-demuxer-ogg: 62fdf1f143b41e24485cea50d1cbac27 -> 
  custom:video-codec-MediaFoundation-h265: e54d7ab0439102e2317fc1e4b246158d -> 
  custom:video-decoder-ogg-theora: a1e56fd34408186e4bbccfd4996cb3dc -> 
  custom:framework-win-MediaFoundation: 216162199b28c13a410421893ffa2e32 -> 
  custom:container-demuxer-webm: 4f35f7cbe854078d1ac9338744f61a02 -> 
  custom:container-muxer-webm: aa71ff27fc2769a1b78a27578f13a17b -> 
  custom:video-decoder-webm-vp8: 9c59270c3fd7afecdb556c50c9e8de78 -> 
  custom:AudioImporter_EditorPlatform: d09bf68614088b80899f8185d706f6e7 -> 
  custom:video-encoder-webm-vp8: eb34c28f22e8b96e1ab97ce403110664 -> 
  custom:audio-decoder-ogg-vorbis: bf7c407c2cedff20999df2af8eb42d56 -> 
  custom:audio-encoder-webm-vorbis: bf7c407c2cedff20999df2af8eb42d56 -> 
========================================================================
Received Import Request.
  Time since last request: 75.264577 seconds.
  path: Assets/Prefabs/RusherFBX Variant.prefab
  artifactKey: Guid(df8dd0e1b4719cc499567833761b8dd7) Importer(815301076,1909f56bfc062723c751e8b465ee728b)
Start importing Assets/Prefabs/RusherFBX Variant.prefab using Guid(df8dd0e1b4719cc499567833761b8dd7) Importer(815301076,1909f56bfc062723c751e8b465ee728b)  -> (artifact id: 'b246fc09dd151c221243638283f7e44a') in 0.150228 seconds
Internal: There are remaining Allocations on the JobTempAlloc. This is a leak, and will impact performance
To Debug, run app with -diag-job-temp-memory-leak-validation cmd line argument. This will output the callstacks of the leaked allocations.
Number of updated asset objects reloaded before import = 0
Number of asset objects unloaded after import = 94
========================================================================
Received Import Request.
  Time since last request: 6.917314 seconds.
  path: Assets/Prefabs/RusherPrefab.prefab
  artifactKey: Guid(df8dd0e1b4719cc499567833761b8dd7) Importer(815301076,1909f56bfc062723c751e8b465ee728b)
Start importing Assets/Prefabs/RusherPrefab.prefab using Guid(df8dd0e1b4719cc499567833761b8dd7) Importer(815301076,1909f56bfc062723c751e8b465ee728b)  -> (artifact id: '8ece6d7f08182327b4503602569cefab') in 0.047893 seconds
Internal: There are remaining Allocations on the JobTempAlloc. This is a leak, and will impact performance
To Debug, run app with -diag-job-temp-memory-leak-validation cmd line argument. This will output the callstacks of the leaked allocations.
Number of updated asset objects reloaded before import = 0
Number of asset objects unloaded after import = 94
========================================================================
Received Prepare
Begin MonoManager ReloadAssembly
Symbol file LoadedFromMemory doesn't match image D:\GitRepos\GameJam062023\FaeGame\Library\PackageCache\com.unity.visualscripting@1.8.0\Editor\VisualScripting.Core\Dependencies\YamlDotNet\Unity.VisualScripting.YamlDotNet.dll
Symbol file LoadedFromMemory doesn't match image D:\GitRepos\GameJam062023\FaeGame\Library\PackageCache\com.unity.visualscripting@1.8.0\Editor\VisualScripting.Core\Dependencies\DotNetZip\Unity.VisualScripting.IonicZip.dll
- Loaded All Assemblies, in  1.535 seconds
Refreshing native plugins compatible for Editor in 8.25 ms, found 3 plugins.
Native extension for WindowsStandalone target not found
Mono: successfully reloaded assembly
- Finished resetting the current domain, in  1.307 seconds
Domain Reload Profiling: 2836ms
	BeginReloadAssembly (881ms)
		ExecutionOrderSort (0ms)
		DisableScriptedObjects (5ms)
		BackupInstance (0ms)
		ReleaseScriptingObjects (0ms)
		CreateAndSetChildDomain (38ms)
	RebuildCommonClasses (38ms)
	RebuildNativeTypeToScriptingClass (13ms)
	initialDomainReloadingComplete (34ms)
	LoadAllAssembliesAndSetupDomain (562ms)
		LoadAssemblies (1057ms)
		RebuildTransferFunctionScriptingTraits (0ms)
		AnalyzeDomain (296ms)
			TypeCache.Refresh (291ms)
				TypeCache.ScanAssembly (280ms)
			ScanForSourceGeneratedMonoScriptInfo (0ms)
			ResolveRequiredComponents (5ms)
	FinalizeReload (1307ms)
		ReleaseScriptCaches (0ms)
		RebuildScriptCaches (0ms)
		SetupLoadedEditorAssemblies (486ms)
			LogAssemblyErrors (0ms)
			InitializePlatformSupportModulesInManaged (6ms)
			SetLoadedEditorAssemblies (5ms)
			RefreshPlugins (0ms)
			BeforeProcessingInitializeOnLoad (88ms)
			ProcessInitializeOnLoadAttributes (355ms)
			ProcessInitializeOnLoadMethodAttributes (24ms)
			AfterProcessingInitializeOnLoad (8ms)
			EditorAssembliesLoaded (0ms)
		ExecutionOrderSort2 (0ms)
		AwakeInstancesAfterBackupRestoration (8ms)
Refreshing native plugins compatible for Editor in 9.27 ms, found 3 plugins.
Preloading 0 native plugins for Editor in 0.00 ms.
Unloading 3525 Unused Serialized files (Serialized files now loaded: 0)
Unloading 23 unused Assets / (31.2 KB). Loaded Objects now: 4071.
Memory consumption went from 131.6 MB to 131.6 MB.
Total: 4.078700 ms (FindLiveObjects: 0.311500 ms CreateObjectMapping: 0.279000 ms MarkObjects: 3.371100 ms  DeleteObjects: 0.115900 ms)

Prepare: number of updated asset objects reloaded= 0
AssetImportParameters requested are different than current active one (requested -> active):
  custom:container-demuxer-ogg: 62fdf1f143b41e24485cea50d1cbac27 -> 
  custom:video-codec-MediaFoundation-h265: e54d7ab0439102e2317fc1e4b246158d -> 
  custom:video-decoder-ogg-theora: a1e56fd34408186e4bbccfd4996cb3dc -> 
  custom:framework-win-MediaFoundation: 216162199b28c13a410421893ffa2e32 -> 
  custom:container-demuxer-webm: 4f35f7cbe854078d1ac9338744f61a02 -> 
  custom:container-muxer-webm: aa71ff27fc2769a1b78a27578f13a17b -> 
  custom:video-decoder-webm-vp8: 9c59270c3fd7afecdb556c50c9e8de78 -> 
  custom:AudioImporter_EditorPlatform: d09bf68614088b80899f8185d706f6e7 -> 
  custom:video-encoder-webm-vp8: eb34c28f22e8b96e1ab97ce403110664 -> 
  custom:audio-decoder-ogg-vorbis: bf7c407c2cedff20999df2af8eb42d56 -> 
  custom:audio-encoder-webm-vorbis: bf7c407c2cedff20999df2af8eb42d56 -> 
========================================================================
Received Import Request.
  Time since last request: 37.232988 seconds.
  path: Assets/Prefabs/RusherPrefab.prefab
  artifactKey: Guid(df8dd0e1b4719cc499567833761b8dd7) Importer(815301076,1909f56bfc062723c751e8b465ee728b)
Start importing Assets/Prefabs/RusherPrefab.prefab using Guid(df8dd0e1b4719cc499567833761b8dd7) Importer(815301076,1909f56bfc062723c751e8b465ee728b)  -> (artifact id: '683de7a05fc3931dbaddb06ad6a7a87f') in 0.119667 seconds
Internal: There are remaining Allocations on the JobTempAlloc. This is a leak, and will impact performance
To Debug, run app with -diag-job-temp-memory-leak-validation cmd line argument. This will output the callstacks of the leaked allocations.
Number of updated asset objects reloaded before import = 0
Number of asset objects unloaded after import = 94
