Using pre-set license
Built from '2022.3/staging' branch; Version is '2022.3.1f1 (f18e0c1b5784) revision 15830540'; Using compiler version '192829333'; Build Type 'Release'
OS: 'Windows 11  (10.0.22621) 64bit Core' Language: 'en' Physical Memory: 32525 MB
BatchMode: 1, IsHumanControllingUs: 0, StartBugReporterOnCrash: 0, Is64bit: 1, IsPro: 1

COMMAND LINE ARGUMENTS:
C:\Program Files\Unity\Hub\Editor\2022.3.1f1\Editor\Unity.exe
-adb2
-batchMode
-noUpm
-name
AssetImportWorker0
-projectPath
C:/Users/GuyBF/Personal Projects/GitKraken/GameJam062023/FaeGame
-logFile
Logs/AssetImportWorker0.log
-srvPort
62242
Successfully changed project path to: C:/Users/GuyBF/Personal Projects/GitKraken/GameJam062023/FaeGame
C:/Users/GuyBF/Personal Projects/GitKraken/GameJam062023/FaeGame
[UnityMemory] Configuration Parameters - Can be set up in boot.config
    "memorysetup-bucket-allocator-granularity=16"
    "memorysetup-bucket-allocator-bucket-count=8"
    "memorysetup-bucket-allocator-block-size=33554432"
    "memorysetup-bucket-allocator-block-count=8"
    "memorysetup-main-allocator-block-size=16777216"
    "memorysetup-thread-allocator-block-size=16777216"
    "memorysetup-gfx-main-allocator-block-size=16777216"
    "memorysetup-gfx-thread-allocator-block-size=16777216"
    "memorysetup-cache-allocator-block-size=4194304"
    "memorysetup-typetree-allocator-block-size=2097152"
    "memorysetup-profiler-bucket-allocator-granularity=16"
    "memorysetup-profiler-bucket-allocator-bucket-count=8"
    "memorysetup-profiler-bucket-allocator-block-size=33554432"
    "memorysetup-profiler-bucket-allocator-block-count=8"
    "memorysetup-profiler-allocator-block-size=16777216"
    "memorysetup-profiler-editor-allocator-block-size=1048576"
    "memorysetup-temp-allocator-size-main=16777216"
    "memorysetup-job-temp-allocator-block-size=2097152"
    "memorysetup-job-temp-allocator-block-size-background=1048576"
    "memorysetup-job-temp-allocator-reduction-small-platforms=262144"
    "memorysetup-allocator-temp-initial-block-size-main=262144"
    "memorysetup-allocator-temp-initial-block-size-worker=262144"
    "memorysetup-temp-allocator-size-background-worker=32768"
    "memorysetup-temp-allocator-size-job-worker=262144"
    "memorysetup-temp-allocator-size-preload-manager=33554432"
    "memorysetup-temp-allocator-size-nav-mesh-worker=65536"
    "memorysetup-temp-allocator-size-audio-worker=65536"
    "memorysetup-temp-allocator-size-cloud-worker=32768"
    "memorysetup-temp-allocator-size-gi-baking-worker=262144"
    "memorysetup-temp-allocator-size-gfx=262144"
Player connection [20496] Host "[IP] 192.168.1.108 [Port] 0 [Flags] 2 [Guid] 2687306332 [EditorId] 2687306332 [Version] 1048832 [Id] WindowsEditor(7,BIG-Jeff) [Debug] 1 [PackageName] WindowsEditor [ProjectName] Editor" joined multi-casting on [225.0.0.222:54997]...

Player connection [20496] Host "[IP] 192.168.1.108 [Port] 0 [Flags] 2 [Guid] 2687306332 [EditorId] 2687306332 [Version] 1048832 [Id] WindowsEditor(7,BIG-Jeff) [Debug] 1 [PackageName] WindowsEditor [ProjectName] Editor" joined alternative multi-casting on [225.0.0.222:34997]...

Refreshing native plugins compatible for Editor in 6.65 ms, found 3 plugins.
Preloading 0 native plugins for Editor in 0.00 ms.
Initialize engine version: 2022.3.1f1 (f18e0c1b5784)
[Subsystems] Discovering subsystems at path C:/Program Files/Unity/Hub/Editor/2022.3.1f1/Editor/Data/Resources/UnitySubsystems
[Subsystems] Discovering subsystems at path C:/Users/GuyBF/Personal Projects/GitKraken/GameJam062023/FaeGame/Assets
GfxDevice: creating device client; threaded=0; jobified=0
Direct3D:
    Version:  Direct3D 11.0 [level 11.1]
    Renderer: NVIDIA GeForce RTX 3070 Ti (ID=0x2482)
    Vendor:   NVIDIA
    VRAM:     8031 MB
    Driver:   31.0.15.2849
Initialize mono
Mono path[0] = 'C:/Program Files/Unity/Hub/Editor/2022.3.1f1/Editor/Data/Managed'
Mono path[1] = 'C:/Program Files/Unity/Hub/Editor/2022.3.1f1/Editor/Data/MonoBleedingEdge/lib/mono/unityjit-win32'
Mono config path = 'C:/Program Files/Unity/Hub/Editor/2022.3.1f1/Editor/Data/MonoBleedingEdge/etc'
Using monoOptions --debugger-agent=transport=dt_socket,embedding=1,server=y,suspend=n,address=127.0.0.1:56196
Begin MonoManager ReloadAssembly
Registering precompiled unity dll's ...
Register platform support module: C:/Program Files/Unity/Hub/Editor/2022.3.1f1/Editor/Data/PlaybackEngines/WindowsStandaloneSupport/UnityEditor.WindowsStandalone.Extensions.dll
Registered in 0.003909 seconds.
- Loaded All Assemblies, in  0.226 seconds
Native extension for WindowsStandalone target not found
Mono: successfully reloaded assembly
- Finished resetting the current domain, in  0.168 seconds
Domain Reload Profiling: 393ms
	BeginReloadAssembly (64ms)
		ExecutionOrderSort (0ms)
		DisableScriptedObjects (0ms)
		BackupInstance (0ms)
		ReleaseScriptingObjects (0ms)
		CreateAndSetChildDomain (0ms)
	RebuildCommonClasses (20ms)
	RebuildNativeTypeToScriptingClass (6ms)
	initialDomainReloadingComplete (41ms)
	LoadAllAssembliesAndSetupDomain (94ms)
		LoadAssemblies (62ms)
		RebuildTransferFunctionScriptingTraits (0ms)
		AnalyzeDomain (91ms)
			TypeCache.Refresh (90ms)
				TypeCache.ScanAssembly (83ms)
			ScanForSourceGeneratedMonoScriptInfo (0ms)
			ResolveRequiredComponents (0ms)
	FinalizeReload (168ms)
		ReleaseScriptCaches (0ms)
		RebuildScriptCaches (0ms)
		SetupLoadedEditorAssemblies (128ms)
			LogAssemblyErrors (0ms)
			InitializePlatformSupportModulesInManaged (6ms)
			SetLoadedEditorAssemblies (5ms)
			RefreshPlugins (0ms)
			BeforeProcessingInitializeOnLoad (1ms)
			ProcessInitializeOnLoadAttributes (83ms)
			ProcessInitializeOnLoadMethodAttributes (34ms)
			AfterProcessingInitializeOnLoad (0ms)
			EditorAssembliesLoaded (0ms)
		ExecutionOrderSort2 (0ms)
		AwakeInstancesAfterBackupRestoration (0ms)
========================================================================
Worker process is ready to serve import requests
Begin MonoManager ReloadAssembly
Symbol file LoadedFromMemory doesn't match image C:\Users\GuyBF\Personal Projects\GitKraken\GameJam062023\FaeGame\Library\PackageCache\com.unity.visualscripting@1.8.0\Editor\VisualScripting.Core\Dependencies\YamlDotNet\Unity.VisualScripting.YamlDotNet.dll
Symbol file LoadedFromMemory doesn't match image C:\Users\GuyBF\Personal Projects\GitKraken\GameJam062023\FaeGame\Library\PackageCache\com.unity.visualscripting@1.8.0\Editor\VisualScripting.Core\Dependencies\DotNetZip\Unity.VisualScripting.IonicZip.dll
- Loaded All Assemblies, in  0.475 seconds
Refreshing native plugins compatible for Editor in 1.82 ms, found 3 plugins.
Native extension for WindowsStandalone target not found
Mono: successfully reloaded assembly
- Finished resetting the current domain, in  0.334 seconds
Domain Reload Profiling: 808ms
	BeginReloadAssembly (77ms)
		ExecutionOrderSort (0ms)
		DisableScriptedObjects (3ms)
		BackupInstance (0ms)
		ReleaseScriptingObjects (0ms)
		CreateAndSetChildDomain (13ms)
	RebuildCommonClasses (20ms)
	RebuildNativeTypeToScriptingClass (7ms)
	initialDomainReloadingComplete (24ms)
	LoadAllAssembliesAndSetupDomain (346ms)
		LoadAssemblies (192ms)
		RebuildTransferFunctionScriptingTraits (0ms)
		AnalyzeDomain (189ms)
			TypeCache.Refresh (177ms)
				TypeCache.ScanAssembly (168ms)
			ScanForSourceGeneratedMonoScriptInfo (10ms)
			ResolveRequiredComponents (2ms)
	FinalizeReload (334ms)
		ReleaseScriptCaches (0ms)
		RebuildScriptCaches (0ms)
		SetupLoadedEditorAssemblies (247ms)
			LogAssemblyErrors (0ms)
			InitializePlatformSupportModulesInManaged (3ms)
			SetLoadedEditorAssemblies (2ms)
			RefreshPlugins (0ms)
			BeforeProcessingInitializeOnLoad (35ms)
			ProcessInitializeOnLoadAttributes (190ms)
			ProcessInitializeOnLoadMethodAttributes (12ms)
			AfterProcessingInitializeOnLoad (4ms)
			EditorAssembliesLoaded (0ms)
		ExecutionOrderSort2 (0ms)
		AwakeInstancesAfterBackupRestoration (4ms)
Launched and connected shader compiler UnityShaderCompiler.exe after 0.04 seconds
Refreshing native plugins compatible for Editor in 3.04 ms, found 3 plugins.
Preloading 0 native plugins for Editor in 0.00 ms.
Unloading 3546 Unused Serialized files (Serialized files now loaded: 0)
Unloading 38 unused Assets / (56.8 KB). Loaded Objects now: 4011.
Memory consumption went from 129.9 MB to 129.9 MB.
Total: 2.556900 ms (FindLiveObjects: 0.296400 ms CreateObjectMapping: 0.065500 ms MarkObjects: 2.048300 ms  DeleteObjects: 0.145200 ms)

AssetImportParameters requested are different than current active one (requested -> active):
  custom:container-demuxer-ogg: 62fdf1f143b41e24485cea50d1cbac27 -> 
  custom:video-codec-MediaFoundation-h265: 746d11721c4dcdbdad8f713fa42b33f4 -> 
  custom:video-decoder-ogg-theora: a1e56fd34408186e4bbccfd4996cb3dc -> 
  custom:framework-win-MediaFoundation: 216162199b28c13a410421893ffa2e32 -> 
  custom:container-demuxer-webm: 4f35f7cbe854078d1ac9338744f61a02 -> 
  custom:container-muxer-webm: aa71ff27fc2769a1b78a27578f13a17b -> 
  custom:video-decoder-webm-vp8: 9c59270c3fd7afecdb556c50c9e8de78 -> 
  custom:AudioImporter_EditorPlatform: d09bf68614088b80899f8185d706f6e7 -> 
  custom:video-encoder-webm-vp8: eb34c28f22e8b96e1ab97ce403110664 -> 
  custom:audio-decoder-ogg-vorbis: bf7c407c2cedff20999df2af8eb42d56 -> 
  custom:audio-encoder-webm-vorbis: bf7c407c2cedff20999df2af8eb42d56 -> 
========================================================================
Received Import Request.
  Time since last request: 277881.420026 seconds.
  path: Assets/Prefabs/CapsuleCreep.prefab
  artifactKey: Guid(12d95f6b7b6a78841a6692da78a9ebfb) Importer(815301076,1909f56bfc062723c751e8b465ee728b)
Start importing Assets/Prefabs/CapsuleCreep.prefab using Guid(12d95f6b7b6a78841a6692da78a9ebfb) Importer(815301076,1909f56bfc062723c751e8b465ee728b)  -> (artifact id: '0d20cd38911767f5e48cf27423ed02ff') in 0.197268 seconds
Number of updated asset objects reloaded before import = 0
Number of asset objects unloaded after import = 12
========================================================================
Received Import Request.
  Time since last request: 0.000020 seconds.
  path: Assets/Prefabs/WinterTile_4 Variant.prefab
  artifactKey: Guid(e8a65f28fe97e9144ab3033accea3a51) Importer(815301076,1909f56bfc062723c751e8b465ee728b)
Start importing Assets/Prefabs/WinterTile_4 Variant.prefab using Guid(e8a65f28fe97e9144ab3033accea3a51) Importer(815301076,1909f56bfc062723c751e8b465ee728b)  -> (artifact id: '251b69b43cef1554796a2e4ff4883432') in 0.056302 seconds
Number of updated asset objects reloaded before import = 0
Number of asset objects unloaded after import = 20
========================================================================
Received Import Request.
  Time since last request: 219.387430 seconds.
  path: Assets/Materials/Ground.mat
  artifactKey: Guid(ed3ccbe01d97c4643a0219c0b624a7d8) Importer(815301076,1909f56bfc062723c751e8b465ee728b)
Start importing Assets/Materials/Ground.mat using Guid(ed3ccbe01d97c4643a0219c0b624a7d8) Importer(815301076,1909f56bfc062723c751e8b465ee728b)  -> (artifact id: '4efcee116fa7c415a8099e7e201d412f') in 0.026633 seconds
Number of updated asset objects reloaded before import = 0
Number of asset objects unloaded after import = 1
========================================================================
Received Import Request.
  Time since last request: 178.991498 seconds.
  path: Assets/Materials/TowerTextures/WinterTower1/IceCrystal/IceCrystal2_initialShadingGroup_Emission.1001.png
  artifactKey: Guid(e0241a05dd2a61442a0ed3419e1429fe) Importer(815301076,1909f56bfc062723c751e8b465ee728b)
Start importing Assets/Materials/TowerTextures/WinterTower1/IceCrystal/IceCrystal2_initialShadingGroup_Emission.1001.png using Guid(e0241a05dd2a61442a0ed3419e1429fe) Importer(815301076,1909f56bfc062723c751e8b465ee728b)  -> (artifact id: 'e92913d906e010508d7aaaee34a489fc') in 0.014470 seconds
Number of updated asset objects reloaded before import = 0
Number of asset objects unloaded after import = 2
========================================================================
Received Import Request.
  Time since last request: 0.000027 seconds.
  path: Assets/Materials/TowerTextures/WinterTower1/IceCrystal/IceCrystal2_initialShadingGroup_Normal.1001.png
  artifactKey: Guid(53409c07fded3c647ae207edd1a8d766) Importer(815301076,1909f56bfc062723c751e8b465ee728b)
Start importing Assets/Materials/TowerTextures/WinterTower1/IceCrystal/IceCrystal2_initialShadingGroup_Normal.1001.png using Guid(53409c07fded3c647ae207edd1a8d766) Importer(815301076,1909f56bfc062723c751e8b465ee728b)  -> (artifact id: 'e7e84bd9fd6a4c9b16115104bdd5cf15') in 0.009348 seconds
Number of updated asset objects reloaded before import = 0
Number of asset objects unloaded after import = 2
========================================================================
Received Import Request.
  Time since last request: 9.834515 seconds.
  path: Assets/Materials/TowerTextures/WinterTower1/WinterTower1.2_initialShadingGroup_MetallicSmoothness.1001.png
  artifactKey: Guid(0f8f271a5b8b7104797fe1fb26d2aecd) Importer(815301076,1909f56bfc062723c751e8b465ee728b)
Start importing Assets/Materials/TowerTextures/WinterTower1/WinterTower1.2_initialShadingGroup_MetallicSmoothness.1001.png using Guid(0f8f271a5b8b7104797fe1fb26d2aecd) Importer(815301076,1909f56bfc062723c751e8b465ee728b)  -> (artifact id: '29bddb6c864336816563f1261b0a9681') in 0.011970 seconds
Number of updated asset objects reloaded before import = 0
Number of asset objects unloaded after import = 2
========================================================================
Received Import Request.
  Time since last request: 13.000376 seconds.
  path: Assets/Materials/TowerTextures/WinterTower2/Tower4_initialShadingGroup_MetallicSmoothness.1001.png
  artifactKey: Guid(51387df5ec933e34c984b9a05d144267) Importer(815301076,1909f56bfc062723c751e8b465ee728b)
Start importing Assets/Materials/TowerTextures/WinterTower2/Tower4_initialShadingGroup_MetallicSmoothness.1001.png using Guid(51387df5ec933e34c984b9a05d144267) Importer(815301076,1909f56bfc062723c751e8b465ee728b)  -> (artifact id: '08bc777565fe246ebcb5f438e8eb2d43') in 0.013051 seconds
Number of updated asset objects reloaded before import = 0
Number of asset objects unloaded after import = 2
========================================================================
Received Import Request.
  Time since last request: 0.000011 seconds.
  path: Assets/Materials/TowerTextures/WinterTower2/Tower4_initialShadingGroup_Normal.1001.png
  artifactKey: Guid(daf39fab6400df049946fc88790b9fe7) Importer(815301076,1909f56bfc062723c751e8b465ee728b)
Start importing Assets/Materials/TowerTextures/WinterTower2/Tower4_initialShadingGroup_Normal.1001.png using Guid(daf39fab6400df049946fc88790b9fe7) Importer(815301076,1909f56bfc062723c751e8b465ee728b)  -> (artifact id: '7261f6d43d76bf5720933df43367773d') in 0.009364 seconds
Number of updated asset objects reloaded before import = 0
Number of asset objects unloaded after import = 2
========================================================================
Received Import Request.
  Time since last request: 9.235950 seconds.
  path: Assets/Materials/TowerTextures/WinterTower2/IceSphere/Tower4IceThing_initialShadingGroup_MetallicSmoothness.1001.png
  artifactKey: Guid(58aca2d7a5dbc8844913dc463e5c4eab) Importer(815301076,1909f56bfc062723c751e8b465ee728b)
Start importing Assets/Materials/TowerTextures/WinterTower2/IceSphere/Tower4IceThing_initialShadingGroup_MetallicSmoothness.1001.png using Guid(58aca2d7a5dbc8844913dc463e5c4eab) Importer(815301076,1909f56bfc062723c751e8b465ee728b)  -> (artifact id: '74c6ed131e38e46a134cdd0b7e880bc0') in 0.005945 seconds
Number of updated asset objects reloaded before import = 0
Number of asset objects unloaded after import = 2
========================================================================
Received Import Request.
  Time since last request: 0.000009 seconds.
  path: Assets/Materials/TowerTextures/WinterTower2/IceSphere/Tower4IceThing_initialShadingGroup_Normal.1001.png
  artifactKey: Guid(f2c0c7cdda50cd74982092bafbcfb452) Importer(815301076,1909f56bfc062723c751e8b465ee728b)
Start importing Assets/Materials/TowerTextures/WinterTower2/IceSphere/Tower4IceThing_initialShadingGroup_Normal.1001.png using Guid(f2c0c7cdda50cd74982092bafbcfb452) Importer(815301076,1909f56bfc062723c751e8b465ee728b)  -> (artifact id: '44ca344be4a496409dc9aebc318aa034') in 0.008465 seconds
Number of updated asset objects reloaded before import = 0
Number of asset objects unloaded after import = 2
========================================================================
Received Import Request.
  Time since last request: 7.865227 seconds.
  path: Assets/Materials/TowerTextures/WinterTower2/IceAccents/Tower4Ice_initialShadingGroup_MetallicSmoothness.1001.png
  artifactKey: Guid(48663b2ae3399e047a16ac591e06cba6) Importer(815301076,1909f56bfc062723c751e8b465ee728b)
Start importing Assets/Materials/TowerTextures/WinterTower2/IceAccents/Tower4Ice_initialShadingGroup_MetallicSmoothness.1001.png using Guid(48663b2ae3399e047a16ac591e06cba6) Importer(815301076,1909f56bfc062723c751e8b465ee728b)  -> (artifact id: '9e0670aaadf002f680a3a09ed60d0923') in 0.006160 seconds
Number of updated asset objects reloaded before import = 0
Number of asset objects unloaded after import = 2
========================================================================
Received Import Request.
  Time since last request: 0.000010 seconds.
  path: Assets/Materials/TowerTextures/WinterTower2/IceAccents/Tower4Ice_initialShadingGroup_Normal.1001.png
  artifactKey: Guid(42490d8643bc36c4c91789bd758cf351) Importer(815301076,1909f56bfc062723c751e8b465ee728b)
Start importing Assets/Materials/TowerTextures/WinterTower2/IceAccents/Tower4Ice_initialShadingGroup_Normal.1001.png using Guid(42490d8643bc36c4c91789bd758cf351) Importer(815301076,1909f56bfc062723c751e8b465ee728b)  -> (artifact id: 'de81fa2fb7440dd9479bdde915f98ac4') in 0.009290 seconds
Number of updated asset objects reloaded before import = 0
Number of asset objects unloaded after import = 2
========================================================================
Received Import Request.
  Time since last request: 6.382819 seconds.
  path: Assets/Materials/NormieTexturesSet/Normie2Obj_Body_Emission.1001.png
  artifactKey: Guid(00365ea457a671f4b9aa8a0473805525) Importer(815301076,1909f56bfc062723c751e8b465ee728b)
Start importing Assets/Materials/NormieTexturesSet/Normie2Obj_Body_Emission.1001.png using Guid(00365ea457a671f4b9aa8a0473805525) Importer(815301076,1909f56bfc062723c751e8b465ee728b)  -> (artifact id: '9482533910700bb10a7a973d3cfaba7d') in 0.014272 seconds
Number of updated asset objects reloaded before import = 0
Number of asset objects unloaded after import = 2
========================================================================
Received Import Request.
  Time since last request: 0.003827 seconds.
  path: Assets/Materials/NormieTexturesSet/Normie2Obj_Eyes_AlbedoTransparency.1002.png
  artifactKey: Guid(9fcc300c266de014ea5098cbe45db507) Importer(815301076,1909f56bfc062723c751e8b465ee728b)
Start importing Assets/Materials/NormieTexturesSet/Normie2Obj_Eyes_AlbedoTransparency.1002.png using Guid(9fcc300c266de014ea5098cbe45db507) Importer(815301076,1909f56bfc062723c751e8b465ee728b)  -> (artifact id: '6689d21a5fa749c6321da129d37d83c3') in 0.013082 seconds
Number of updated asset objects reloaded before import = 0
Number of asset objects unloaded after import = 2
========================================================================
Received Import Request.
  Time since last request: 0.000012 seconds.
  path: Assets/Materials/NormieTexturesSet/NormieEyes.mat
  artifactKey: Guid(e50c0a11f38430e4ea82b6f0ba2c8fb9) Importer(815301076,1909f56bfc062723c751e8b465ee728b)
Start importing Assets/Materials/NormieTexturesSet/NormieEyes.mat using Guid(e50c0a11f38430e4ea82b6f0ba2c8fb9) Importer(815301076,1909f56bfc062723c751e8b465ee728b)  -> (artifact id: '42f76786824bee36ffd1914462d51f17') in 0.144906 seconds
Number of updated asset objects reloaded before import = 0
Number of asset objects unloaded after import = 5
Editor requested this worker to shutdown with reason: Scaling down because of idle timeout
TcpMessagingSession - receive error: operation aborted. errorcode: 995, details: The I/O operation has been aborted because of either a thread exit or an application request.
AssetImportWorker is now disconnected from the server
Process exiting
Exiting without the bug reporter. Application will terminate with return code 0